2024-05-07 15:51:32.075 | INFO     | main:write_data:33 - Данные добвлены!
2024-05-07 15:51:32.076 | INFO     | main:add_record:126 - Данные внесены успешно!
2024-05-07 15:51:32.078 | INFO     | main:search_record:82 - Все прошло успешно, запись найдена!
2024-05-07 15:51:32.079 | INFO     | main:search_record:82 - Все прошло успешно, запись найдена!
2024-05-07 15:51:32.079 | INFO     | main:view_balance:59 - Все хорошо, функция отработала успешно!
2024-05-07 15:51:32.080 | INFO     | main:write_data:33 - Данные добвлены!
2024-05-07 15:52:14.626 | INFO     | __main__:write_data:33 - Данные добвлены!
2024-05-07 15:52:14.627 | INFO     | __main__:add_record:126 - Данные внесены успешно!
2024-05-07 15:52:41.300 | INFO     | __main__:write_data:33 - Данные добвлены!
2024-05-07 15:52:41.302 | INFO     | __main__:edit_record:151 - Функция изменение записи отработала успешно
2024-05-07 15:53:04.162 | INFO     | __main__:search_record:82 - Все прошло успешно, запись найдена!
2024-05-07 15:53:41.214 | INFO     | __main__:view_balance:59 - Все хорошо, функция отработала успешно!
2024-05-07 15:57:39.960 | INFO     | __main__:write_data:33 - Данные добвлены!
2024-05-07 15:57:39.961 | INFO     | __main__:add_record:126 - Данные внесены успешно!
2024-05-07 15:59:19.055 | INFO     | __main__:write_data:33 - Данные добвлены!
2024-05-07 15:59:19.056 | INFO     | __main__:add_record:126 - Данные внесены успешно!
2024-05-07 15:59:39.732 | INFO     | __main__:write_data:33 - Данные добвлены!
2024-05-07 15:59:39.733 | INFO     | __main__:add_record:126 - Данные внесены успешно!
2024-05-07 16:03:00.497 | INFO     | __main__:write_data:33 - Данные добвлены!
2024-05-07 16:03:00.498 | INFO     | __main__:add_record:126 - Данные внесены успешно!
2024-05-07 16:03:28.622 | INFO     | __main__:write_data:33 - Данные добвлены!
2024-05-07 16:03:28.623 | INFO     | __main__:add_record:126 - Данные внесены успешно!
2024-05-07 16:04:21.054 | INFO     | main:write_data:33 - Данные добвлены!
2024-05-07 16:04:21.054 | INFO     | main:add_record:126 - Данные внесены успешно!
2024-05-07 16:04:21.058 | INFO     | main:search_record:82 - Все прошло успешно, запись найдена!
2024-05-07 16:04:21.058 | INFO     | main:search_record:82 - Все прошло успешно, запись найдена!
2024-05-07 16:04:21.059 | INFO     | main:view_balance:59 - Все хорошо, функция отработала успешно!
2024-05-07 16:04:21.060 | INFO     | main:write_data:33 - Данные добвлены!
2024-05-07 20:37:19.662 | INFO     | __main__:write_data:33 - Данные добвлены!
2024-05-07 20:37:19.663 | INFO     | __main__:add_record:127 - Данные внесены успешно!
2024-05-07 20:57:12.570 | INFO     | __main__:write_data:37 - Данные добвлены!
2024-05-07 20:57:12.571 | INFO     | __main__:add_record:131 - Данные внесены успешно!
2024-05-07 20:57:56.535 | INFO     | __main__:write_data:37 - Данные добвлены!
2024-05-07 20:57:56.536 | INFO     | __main__:edit_record:156 - Функция изменение записи отработала успешно
2024-05-07 21:01:03.709 | DEBUG    | __main__:search_record:89 - Что-то пошло не так, записи не найдены!
2024-05-07 21:01:18.868 | INFO     | __main__:search_record:86 - Все прошло успешно, запись найдена!
2024-05-07 21:06:02.628 | INFO     | __main__:view_balance:63 - Все хорошо, функция отработала успешно!
2024-05-07 21:06:33.785 | INFO     | main:write_data:37 - Данные добвлены!
2024-05-07 21:06:33.786 | INFO     | main:add_record:131 - Данные внесены успешно!
2024-05-07 21:06:33.791 | INFO     | main:search_record:86 - Все прошло успешно, запись найдена!
2024-05-07 21:06:33.791 | INFO     | main:view_balance:63 - Все хорошо, функция отработала успешно!
2024-05-07 21:06:33.793 | INFO     | main:write_data:37 - Данные добвлены!
